Arguments: 
  /home/sages/.nvm/versions/node/v16.20.1/bin/node /home/sages/.cache/node/corepack/yarn/1.22.19/bin/yarn.js

PATH: 
  /home/sages/.nvm/versions/node/v16.20.1/bin:/home/sages/.local/bin:/usr/local/sbin:/usr/local/bin:/usr/sbin:/usr/bin:/sbin:/bin:/usr/games:/usr/local/games:/snap/bin:/snap/bin

Yarn version: 
  1.22.19

Node version: 
  16.20.1

Platform: 
  linux x64

Trace: 
  Error: https://registry.yarnpkg.com/react-sortable-tree-test: Not found
      at Request.params.callback [as _callback] (/home/sages/.cache/node/corepack/yarn/1.22.19/lib/cli.js:66145:18)
      at Request.self.callback (/home/sages/.cache/node/corepack/yarn/1.22.19/lib/cli.js:140890:22)
      at Request.emit (node:events:513:28)
      at Request.<anonymous> (/home/sages/.cache/node/corepack/yarn/1.22.19/lib/cli.js:141862:10)
      at Request.emit (node:events:513:28)
      at IncomingMessage.<anonymous> (/home/sages/.cache/node/corepack/yarn/1.22.19/lib/cli.js:141784:12)
      at Object.onceWrapper (node:events:627:28)
      at IncomingMessage.emit (node:events:525:35)
      at endReadableNT (node:internal/streams/readable:1358:12)
      at processTicksAndRejections (node:internal/process/task_queues:83:21)

npm manifest: 
  {
    "name": "react-sortable-tree-theme-wcag-editor",
    "version": "0.0.14",
    "description": "Minimal theme for react-sortable-tree",
    "scripts": {
      "build": "npm run clean && cross-env NODE_ENV=production TARGET=umd webpack --bail",
      "build:demo": "npm run clean:demo && cross-env NODE_ENV=production TARGET=demo webpack --bail",
      "clean": "rimraf dist",
      "clean:demo": "rimraf build",
      "start": "cross-env NODE_ENV=development TARGET=development webpack serve --open",
      "lint": "eslint .",
      "prettier": "prettier --single-quote --trailing-comma es5 --write \"**/*.{js,jsx,css,scss}\"",
      "prepublishOnly": "npm run build",
      "test": "jest",
      "tsc": "tsc"
    },
    "main": "dist/main.js",
    "files": [
      "dist"
    ],
    "license": "MIT",
    "jest": {
      "setupTestFrameworkScriptFile": "./node_modules/jest-enzyme/lib/index.js",
      "moduleFileExtensions": [
        "js",
        "jsx",
        "json"
      ],
      "moduleDirectories": [
        "node_modules"
      ],
      "moduleNameMapper": {
        "\\.(css|scss|less)$": "identity-obj-proxy"
      }
    },
    "dependencies": {
      "@nosferatu500/react-dnd-scrollzone": "^2.0.10",
      "lodash.isequal": "^4.5.0",
      "prop-types": "^15.6.0",
      "react-dnd": "14.0.4",
      "react-dnd-html5-backend": "14.1.0",
      "react-sortable-tree-test": "^4.5.0",
      "react-virtualized": "^9.13.0"
    },
    "devDependencies": {
      "@babel/core": "^7.22.10",
      "@babel/plugin-transform-object-rest-spread": "^7.22.5",
      "@babel/plugin-transform-typescript": "^7.22.10",
      "@babel/polyfill": "^7.12.1",
      "@babel/preset-env": "^7.22.10",
      "@babel/preset-react": "^7.22.5",
      "@babel/preset-typescript": "^7.22.5",
      "@types/react": "^18.2.20",
      "@types/react-dom": "^18.2.7",
      "@typescript-eslint/eslint-plugin": "^6.4.0",
      "@typescript-eslint/parser": "^6.4.0",
      "autoprefixer": "^10.4.14",
      "babel-jest": "^21.2.0",
      "babel-loader": "^9.1.3",
      "cross-env": "^5.1.1",
      "css-loader": "^0.28.7",
      "enzyme": "^3.3.0",
      "enzyme-adapter-react-16": "^1.1.1",
      "eslint": "^4.12.0",
      "eslint-config-airbnb": "^16.0.0",
      "eslint-config-prettier": "^2.9.0",
      "eslint-loader": "^1.9.0",
      "eslint-plugin-import": "^2.8.0",
      "eslint-plugin-jsx-a11y": "^6.0.2",
      "eslint-plugin-react": "^7.5.1",
      "file-loader": "^1.1.5",
      "html-webpack-plugin": "^5.5.3",
      "identity-obj-proxy": "^3.0.0",
      "jest": "^21.2.1",
      "jest-enzyme": "^4.0.1",
      "json-loader": "^0.5.4",
      "postcss-loader": "^7.3.3",
      "prettier": "^1.8.2",
      "react": "^18.2.0",
      "react-addons-shallow-compare": "^15.6.2",
      "react-dnd-test-backend": "^2.5.4",
      "react-dnd-touch-backend": "^0.3.17",
      "react-dom": "^18.2.0",
      "react-hot-loader": "^4.13.1",
      "react-test-renderer": "^18.2.0",
      "rimraf": "^5.0.1",
      "sass": "^1.64.1",
      "sass-loader": "^13.3.2",
      "style-loader": "^3.3.3",
      "ts-loader": "^9.4.4",
      "typescript": "^5.1.6",
      "uglifyjs-webpack-plugin": "^2.2.0",
      "webpack": "^5.88.2",
      "webpack-cli": "^5.1.4",
      "webpack-dev-server": "^4.15.1",
      "webpack-node-externals": "^3.0.0"
    },
    "keywords": [
      "react",
      "react-component"
    ]
  }

yarn manifest: 
  No manifest

Lockfile: 
  No lockfile
